
                                      ARENA Simulation Results
                                   Soliman Ali - License: STUDENT

                                  Summary for Replication 1 of 1

Project: Unnamed Project                                             Run execution date : 7/24/2020
Analyst: Soliman Ali                                                 Model revision date: 7/24/2020

Replication ended at time      : 12.0 Hours 
Base Time Units: Hours

                                           TALLY VARIABLES

Identifier                                  Average   Half Width  Minimum    Maximum   Observations
___________________________________________________________________________________________________

Entity 1.VATime                             .05000     (Insuf)    .05000     .05000         62    
Entity 1.NVATime                            .00000     (Insuf)    .00000     .00000         62    
Entity 1.WaitTime                           .00000     (Insuf)    .00000     .00000         62    
Entity 1.TranTime                           .00000     (Insuf)    .00000     .00000         62    
Entity 1.OtherTime                          .00000     (Insuf)    .00000     .00000         62    
Entity 1.TotalTime                          .05000     (Insuf)    .05000     .05000         62    

                                     DISCRETE-CHANGE VARIABLES

Identifier                                  Average   Half Width  Minimum    Maximum   Final Value
___________________________________________________________________________________________________

Entity 1.WIP                                .25833     (Insuf)    .00000     4.0000     .00000    

                                             OUTPUTS

Identifier                                   Value
_____________________________________________________________

Entity 1.NumberIn                           62.000    
Entity 1.NumberOut                          62.000    
System.NumberOut                            62.000    


Simulation run time: 0.02 minutes.
Simulation run complete.
